<?xml version="1.0" encoding="UTF-8"?>
<testng-results ignored="0" total="2" passed="2" failed="0" skipped="0">
  <reporter-output>
  </reporter-output>
  <suite started-at="2022-12-23T20:32:04 EST" name="Suite" finished-at="2022-12-23T20:32:51 EST" duration-ms="46862">
    <groups>
    </groups>
    <test started-at="2022-12-23T20:32:04 EST" name="Test" finished-at="2022-12-23T20:32:51 EST" duration-ms="46862">
      <class name="tests.SauceDemoLoginTests">
        <test-method is-config="true" signature="setup()[pri:0, instance:tests.SauceDemoLoginTests@7ea37dbf]" started-at="2022-12-23T20:32:04 EST" name="setup" finished-at="2022-12-23T20:32:14 EST" duration-ms="9945" status="PASS">
          <reporter-output>
          </reporter-output>
        </test-method> <!-- setup -->
        <test-method signature="credentialTest(java.lang.String,java.lang.String)[pri:0, instance:tests.SauceDemoLoginTests@7ea37dbf]" started-at="2022-12-23T20:32:14 EST" name="credentialTest" data-provider="credential" finished-at="2022-12-23T20:32:36 EST" duration-ms="22726" status="PASS">
          <params>
            <param index="0">
              <value>
                <![CDATA[standard_user]]>
              </value>
            </param>
            <param index="1">
              <value>
                <![CDATA[standardhhfvajk]]>
              </value>
            </param>
          </params>
          <reporter-output>
          </reporter-output>
        </test-method> <!-- credentialTest -->
        <test-method is-config="true" signature="quitDriver()[pri:0, instance:tests.SauceDemoLoginTests@7ea37dbf]" started-at="2022-12-23T20:32:36 EST" name="quitDriver" finished-at="2022-12-23T20:32:37 EST" duration-ms="391" status="PASS">
          <reporter-output>
          </reporter-output>
        </test-method> <!-- quitDriver -->
        <test-method is-config="true" signature="setup()[pri:0, instance:tests.SauceDemoLoginTests@7ea37dbf]" started-at="2022-12-23T20:32:37 EST" name="setup" finished-at="2022-12-23T20:32:44 EST" duration-ms="6649" status="PASS">
          <reporter-output>
          </reporter-output>
        </test-method> <!-- setup -->
        <test-method signature="credentialTest(java.lang.String,java.lang.String)[pri:0, instance:tests.SauceDemoLoginTests@7ea37dbf]" started-at="2022-12-23T20:32:44 EST" name="credentialTest" data-provider="credential" finished-at="2022-12-23T20:32:50 EST" duration-ms="6576" status="PASS">
          <params>
            <param index="0">
              <value>
                <![CDATA[standard_user11]]>
              </value>
            </param>
            <param index="1">
              <value>
                <![CDATA[secret_sauce]]>
              </value>
            </param>
          </params>
          <reporter-output>
          </reporter-output>
        </test-method> <!-- credentialTest -->
        <test-method is-config="true" signature="quitDriver()[pri:0, instance:tests.SauceDemoLoginTests@7ea37dbf]" started-at="2022-12-23T20:32:50 EST" name="quitDriver" finished-at="2022-12-23T20:32:51 EST" duration-ms="417" status="PASS">
          <reporter-output>
          </reporter-output>
        </test-method> <!-- quitDriver -->
      </class> <!-- tests.SauceDemoLoginTests -->
    </test> <!-- Test -->
  </suite> <!-- Suite -->
</testng-results>
